Received: ID=6, Email=askdnk2523@gmail.com, Response=Ok I Got It
Received: ID=6, Email=askdnk2523@gmail.com, Response=hello
Received: ID=7, Email=askdnk2523@gmail.com, Response=hello
Received: ID=7, Email=askdnk2523@gmail.com, Response=hii
Received: ID=7, Email=askdnk2523@gmail.com, Response=hii
Received: ID=7, Email=askdnk2523@gmail.com, Response=hii
Brevo Response: {"message":"Key not found","code":"unauthorized"}

Received: ID=7, Email=askdnk2523@gmail.com, Response=hiii
Brevo Response: {"message":"Key not found","code":"unauthorized"}

Received: ID=7, Email=askdnk2523@gmail.com, Response=hii sir jhas
Brevo Response: {"message":"Key not found","code":"unauthorized"}

POST Data: Array
(
    [id] => 8
    [email] => askdnk2523@gmail.com
    [response] => hii
)

POST Data: Array
(
    [id] => 8
    [email] => askdnk2523@gmail.com
    [response] => hii
)

POST Data: Array
(
    [id] => 8
    [email] => askdnk2523@gmail.com
    [response] => hii
)

POST Data: Array
(
    [id] => 8
    [email] => askdnk2523@gmail.com
    [response] => hii
)

